Sun Dec 01 2024 11:16 39 [Kids Know Rights] info: DB Connected Successfully
Sun Dec 01 2024 11:16 39 [Kids Know Rights] info: Kids know rights listening on port 6050
Sun Dec 01 2024 11:16 47 [Kids Know Rights] info: DB Connected Successfully
Sun Dec 01 2024 11:16 47 [Kids Know Rights] info: Kids know rights listening on port 6050
Sun Dec 01 2024 11:16 54 [Kids Know Rights] info: DB Connected Successfully
Sun Dec 01 2024 11:16 54 [Kids Know Rights] info: Kids know rights listening on port 6050
Sun Dec 01 2024 11:17 13 [Kids Know Rights] info: DB Connected Successfully
Sun Dec 01 2024 11:17 13 [Kids Know Rights] info: Kids know rights listening on port 6050
Sun Dec 01 2024 11:17 26 [Kids Know Rights] info: DB Connected Successfully
Sun Dec 01 2024 11:17 26 [Kids Know Rights] info: Kids know rights listening on port 6050
Sun Dec 01 2024 11:17 44 [Kids Know Rights] info: DB Connected Successfully
Sun Dec 01 2024 11:17 44 [Kids Know Rights] info: Kids know rights listening on port 6050
Sun Dec 01 2024 11:18 7 [Kids Know Rights] info: DB Connected Successfully
Sun Dec 01 2024 11:18 7 [Kids Know Rights] info: Kids know rights listening on port 6050
Sun Dec 01 2024 11:20 19 [Kids Know Rights] info: DB Connected Successfully
Sun Dec 01 2024 11:20 19 [Kids Know Rights] info: Kids know rights listening on port 6050
Sun Dec 01 2024 11:22 39 [Kids Know Rights] info: DB Connected Successfully
Sun Dec 01 2024 11:22 39 [Kids Know Rights] info: Kids know rights listening on port 6050
Sun Dec 01 2024 11:27 59 [Kids Know Rights] info: DB Connected Successfully
Sun Dec 01 2024 11:27 59 [Kids Know Rights] info: Kids know rights listening on port 6050
Sun Dec 01 2024 11:28 11 [Kids Know Rights] info: DB Connected Successfully
Sun Dec 01 2024 11:28 11 [Kids Know Rights] info: Kids know rights listening on port 6050
Sun Dec 01 2024 11:28 21 [Kids Know Rights] info: DB Connected Successfully
Sun Dec 01 2024 11:28 21 [Kids Know Rights] info: Kids know rights listening on port 6050
Sun Dec 01 2024 11:28 38 [Kids Know Rights] info: DB Connected Successfully
Sun Dec 01 2024 11:28 38 [Kids Know Rights] info: Kids know rights listening on port 6050
Sun Dec 01 2024 11:30 32 [Kids Know Rights] info: DB Connected Successfully
Sun Dec 01 2024 11:30 32 [Kids Know Rights] info: Kids know rights listening on port 6050
Sun Dec 01 2024 11:31 15 [Kids Know Rights] info: DB Connected Successfully
Sun Dec 01 2024 11:31 15 [Kids Know Rights] info: Kids know rights listening on port 6050
Sun Dec 01 2024 11:31 22 [Kids Know Rights] info: DB Connected Successfully
Sun Dec 01 2024 11:31 22 [Kids Know Rights] info: Kids know rights listening on port 6050
Sun Dec 01 2024 11:32 36 [Kids Know Rights] info: DB Connected Successfully
Sun Dec 01 2024 11:32 36 [Kids Know Rights] info: Kids know rights listening on port 6050
Sun Dec 01 2024 11:32 41 [Kids Know Rights] info: DB Connected Successfully
Sun Dec 01 2024 11:32 41 [Kids Know Rights] info: Kids know rights listening on port 6050
Sun Dec 01 2024 11:33 8 [Kids Know Rights] info: DB Connected Successfully
Sun Dec 01 2024 11:33 8 [Kids Know Rights] info: Kids know rights listening on port 6050
Sun Dec 01 2024 11:33 34 [Kids Know Rights] error: Unhandled Rejection: Error deleting associated file: uploads\images\article_images\1733030939848-images (2).jpg
Sun Dec 01 2024 11:33 34 [Kids Know Rights] error: Unhandled Rejection: Error deleting associated file: uploads\images\article_images\1733030939848-depositphotos_182119506-stock-photo-back-to-school-conceptual-background.jpg
Sun Dec 01 2024 11:33 34 [Kids Know Rights] error: Unhandled Rejection: Error deleting associated file: uploads\images\article_images\1733030939848-Top-12-Pioneers-in-Education-scaled.jpg
Sun Dec 01 2024 11:35 22 [Kids Know Rights] error: Unhandled Rejection: Error deleting associated file: uploads\images\article_images\1733031300728-images (2).jpg
Sun Dec 01 2024 11:35 22 [Kids Know Rights] error: Unhandled Rejection: Error deleting associated file: uploads\images\article_images\1733031300728-depositphotos_182119506-stock-photo-back-to-school-conceptual-background.jpg
Sun Dec 01 2024 11:35 22 [Kids Know Rights] error: Unhandled Rejection: Error deleting associated file: uploads\images\article_images\1733031300729-Top-12-Pioneers-in-Education-scaled.jpg
Sun Dec 01 2024 11:36 28 [Kids Know Rights] info: DB Connected Successfully
Sun Dec 01 2024 11:36 28 [Kids Know Rights] info: Kids know rights listening on port 6050
Sun Dec 01 2024 11:36 51 [Kids Know Rights] error: Unhandled Rejection: Error deleting associated file: uploads\images\article_images\1733031397268-images (2).jpg
Sun Dec 01 2024 11:36 51 [Kids Know Rights] error: Unhandled Rejection: Error deleting associated file: uploads\images\article_images\1733031397269-depositphotos_182119506-stock-photo-back-to-school-conceptual-background.jpg
Sun Dec 01 2024 11:36 51 [Kids Know Rights] error: Unhandled Rejection: Error deleting associated file: uploads\images\article_images\1733031397269-Top-12-Pioneers-in-Education-scaled.jpg
Sun Dec 01 2024 11:37 21 [Kids Know Rights] error: Unhandled Rejection: Error deleting associated file: uploads\images\article_images\1733031427904-depositphotos_182119506-stock-photo-back-to-school-conceptual-background.jpg
Sun Dec 01 2024 11:37 21 [Kids Know Rights] error: Unhandled Rejection: Error deleting associated file: uploads\images\article_images\1733031427904-images (2).jpg
Sun Dec 01 2024 11:37 21 [Kids Know Rights] error: Unhandled Rejection: Error deleting associated file: uploads\images\article_images\1733031427904-Top-12-Pioneers-in-Education-scaled.jpg
Sun Dec 01 2024 11:38 13 [Kids Know Rights] info: DB Connected Successfully
Sun Dec 01 2024 11:38 13 [Kids Know Rights] info: Kids know rights listening on port 6050
Sun Dec 01 2024 11:38 23 [Kids Know Rights] info: DB Connected Successfully
Sun Dec 01 2024 11:38 23 [Kids Know Rights] info: Kids know rights listening on port 6050
Sun Dec 01 2024 11:38 38 [Kids Know Rights] error: Unhandled Rejection: Error deleting associated file: uploads\images\article_images\1733031506549-images (2).jpg
Sun Dec 01 2024 11:38 38 [Kids Know Rights] error: Unhandled Rejection: Error deleting associated file: uploads\images\article_images\1733031506549-depositphotos_182119506-stock-photo-back-to-school-conceptual-background.jpg
Sun Dec 01 2024 11:38 38 [Kids Know Rights] error: Unhandled Rejection: Error deleting associated file: uploads\images\article_images\1733031506549-Top-12-Pioneers-in-Education-scaled.jpg
Sun Dec 01 2024 11:40 46 [Kids Know Rights] info: DB Connected Successfully
Sun Dec 01 2024 11:40 46 [Kids Know Rights] info: Kids know rights listening on port 6050
Sun Dec 01 2024 11:46 23 [Kids Know Rights] info: DB Connected Successfully
Sun Dec 01 2024 11:46 23 [Kids Know Rights] info: Kids know rights listening on port 6050
Sun Dec 01 2024 11:48 4 [Kids Know Rights] info: DB Connected Successfully
Sun Dec 01 2024 11:48 4 [Kids Know Rights] info: Kids know rights listening on port 6050
Sun Dec 01 2024 11:48 36 [Kids Know Rights] info: DB Connected Successfully
Sun Dec 01 2024 11:48 36 [Kids Know Rights] info: Kids know rights listening on port 6050
Sun Dec 01 2024 11:49 49 [Kids Know Rights] info: DB Connected Successfully
Sun Dec 01 2024 11:49 49 [Kids Know Rights] info: Kids know rights listening on port 6050
Sun Dec 01 2024 11:50 26 [Kids Know Rights] info: DB Connected Successfully
Sun Dec 01 2024 11:50 26 [Kids Know Rights] info: Kids know rights listening on port 6050
Sun Dec 01 2024 11:50 29 [Kids Know Rights] info: DB Connected Successfully
Sun Dec 01 2024 11:50 29 [Kids Know Rights] info: Kids know rights listening on port 6050
Sun Dec 01 2024 11:58 8 [Kids Know Rights] info: DB Connected Successfully
Sun Dec 01 2024 11:58 8 [Kids Know Rights] info: Kids know rights listening on port 6050
